X:\USERS\DOCUMENTS\VISUAL STUDIO 2012\PROJECTS\DEDICATED SERVER\CODE\SERVER\DEBUG\KEYCONVERTER.OBJ
X:\USERS\DOCUMENTS\VISUAL STUDIO 2012\PROJECTS\DEDICATED SERVER\CODE\SERVER\DEBUG\KEYHANDLER.OBJ
X:\USERS\DOCUMENTS\VISUAL STUDIO 2012\PROJECTS\DEDICATED SERVER\CODE\SERVER\DEBUG\KEYSTATES.OBJ
X:\USERS\DOCUMENTS\VISUAL STUDIO 2012\PROJECTS\DEDICATED SERVER\CODE\SERVER\DEBUG\NETWORKMESSAGECONVERTER.OBJ
X:\USERS\DOCUMENTS\VISUAL STUDIO 2012\PROJECTS\DEDICATED SERVER\CODE\SERVER\DEBUG\SERVERENGINE.OBJ
X:\USERS\DOCUMENTS\VISUAL STUDIO 2012\PROJECTS\DEDICATED SERVER\CODE\SERVER\DEBUG\ACTOR.OBJ
X:\USERS\DOCUMENTS\VISUAL STUDIO 2012\PROJECTS\DEDICATED SERVER\CODE\SERVER\DEBUG\ANIMALACTOR.OBJ
X:\USERS\DOCUMENTS\VISUAL STUDIO 2012\PROJECTS\DEDICATED SERVER\CODE\SERVER\DEBUG\BIOACTOR.OBJ
X:\USERS\DOCUMENTS\VISUAL STUDIO 2012\PROJECTS\DEDICATED SERVER\CODE\SERVER\DEBUG\PLAYERACTOR.OBJ
X:\USERS\DOCUMENTS\VISUAL STUDIO 2012\PROJECTS\DEDICATED SERVER\CODE\SERVER\DEBUG\PROCESS.OBJ
X:\USERS\DOCUMENTS\VISUAL STUDIO 2012\PROJECTS\DEDICATED SERVER\CODE\SERVER\DEBUG\SERVERENGINEWRAPPER.OBJ
X:\USERS\DOCUMENTS\VISUAL STUDIO 2012\PROJECTS\DEDICATED SERVER\CODE\SERVER\DEBUG\VC110.PDB
X:\USERS\DOCUMENTS\VISUAL STUDIO 2012\PROJECTS\DEDICATED SERVER\CODE\SERVER\DEBUG\CLIENTCONNECTEDEVENT.OBJ
X:\USERS\DOCUMENTS\VISUAL STUDIO 2012\PROJECTS\DEDICATED SERVER\CODE\SERVER\DEBUG\NETWORKSERVER.OBJ
X:\USERS\DOCUMENTS\VISUAL STUDIO 2012\PROJECTS\DEDICATED SERVER\CODE\SERVER\DEBUG\SERVERLISTENER.OBJ
X:\USERS\DOCUMENTS\VISUAL STUDIO 2012\PROJECTS\DEDICATED SERVER\CODE\SERVER\DEBUG\HOST.OBJ
X:\Users\Documents\Visual Studio 2012\Projects\Dedicated Server\Code\Server\Debug\Actor.obj
X:\Users\Documents\Visual Studio 2012\Projects\Dedicated Server\Code\Server\Debug\AnimalActor.obj
X:\Users\Documents\Visual Studio 2012\Projects\Dedicated Server\Code\Server\Debug\BioActor.obj
X:\Users\Documents\Visual Studio 2012\Projects\Dedicated Server\Code\Server\Debug\ClientConnectedEvent.obj
X:\Users\Documents\Visual Studio 2012\Projects\Dedicated Server\Code\Server\Debug\Host.obj
X:\Users\Documents\Visual Studio 2012\Projects\Dedicated Server\Code\Server\Debug\KeyConverter.obj
X:\Users\Documents\Visual Studio 2012\Projects\Dedicated Server\Code\Server\Debug\KeyStates.obj
X:\Users\Documents\Visual Studio 2012\Projects\Dedicated Server\Code\Server\Debug\NetworkMessageConverter.obj
X:\Users\Documents\Visual Studio 2012\Projects\Dedicated Server\Code\Server\Debug\NetworkServer.obj
X:\Users\Documents\Visual Studio 2012\Projects\Dedicated Server\Code\Server\Debug\PlayerActor.obj
X:\Users\Documents\Visual Studio 2012\Projects\Dedicated Server\Code\Server\Debug\Process.obj
X:\Users\Documents\Visual Studio 2012\Projects\Dedicated Server\Code\Server\Debug\ServerEngine.obj
X:\Users\Documents\Visual Studio 2012\Projects\Dedicated Server\Code\Server\Debug\ServerEngineWrapper.obj
X:\Users\Documents\Visual Studio 2012\Projects\Dedicated Server\Code\Server\Debug\ServerListener.obj
X:\Users\Documents\Visual Studio 2012\Projects\Dedicated Server\Code\Server\Debug\cl.command.1.tlog
X:\Users\Documents\Visual Studio 2012\Projects\Dedicated Server\Code\Server\Debug\CL.read.1.tlog
X:\Users\Documents\Visual Studio 2012\Projects\Dedicated Server\Code\Server\Debug\CL.write.1.tlog
X:\Users\Documents\Visual Studio 2012\Projects\Dedicated Server\Code\Server\Debug\vc110.idb
X:\Users\Documents\Visual Studio 2012\Projects\Dedicated Server\Code\Server\Debug\vc110.pdb
