Build started 2012-12-16 18:55:32.
     1>Project "X:\Users\Documents\Visual Studio 2012\Projects\Dedicated Server\Code\Server\Server.vcxproj" on node 2 (Build target(s)).
     1>ClCompile:
         X:\Program Files (x86)\Microsoft Visual Studio 11.0\VC\bin\CL.exe /c /I"X:\Users\Documents\Visual Studio 2012\Projects\Dedicated Server\Code\\Server\EngineFiles\Network" /ZI /nologo /W4 /WX- /Od /Oy- /D WIN32 /D _DEBUG /D _WINDOWS /D _WINDLL /D _MBCS /Gm /EHsc /RTC1 /MDd /GS /fp:precise /Zc:wchar_t /Zc:forScope /Fo"Debug\\" /Fd"Debug\vc110.pdb" /Gd /TP /analyze- /errorReport:prompt EngineFiles\ServerEngine.cpp
         ServerEngine.cpp
     1>x:\users\documents\visual studio 2012\projects\dedicated server\code\server\enginefiles\server\bioactor.h(22): warning C4100: 'deltaTime' : unreferenced formal parameter
     1>x:\users\documents\visual studio 2012\projects\dedicated server\code\server\enginefiles\serverengine.cpp(27): warning C4800: 'int' : forcing value to bool 'true' or 'false' (performance warning)
     1>x:\users\documents\visual studio 2012\projects\dedicated server\code\server\enginefiles\serverengine.cpp(29): warning C4800: 'int' : forcing value to bool 'true' or 'false' (performance warning)
       Link:
         X:\Program Files (x86)\Microsoft Visual Studio 11.0\VC\bin\link.exe /ERRORREPORT:PROMPT /OUT:"X:\Users\Documents\Visual Studio 2012\Projects\Dedicated Server\Code\Debug\Server.dll" /INCREMENTAL /NOLOGO kernel32.lib user32.lib gdi32.lib winspool.lib comdlg32.lib advapi32.lib shell32.lib ole32.lib oleaut32.lib uuid.lib odbc32.lib odbccp32.lib /MANIFEST /MANIFESTUAC:"level='asInvoker' uiAccess='false'" /manifest:embed /DEBUG /PDB:"X:\Users\Documents\Visual Studio 2012\Projects\Dedicated Server\Code\Debug\Server.pdb" /TLBID:1 /DYNAMICBASE:NO /NXCOMPAT /IMPLIB:"X:\Users\Documents\Visual Studio 2012\Projects\Dedicated Server\Code\Debug\Server.lib" /MACHINE:X86 /DLL Debug\KeyConverter.obj
         Debug\KeyStates.obj
         Debug\ClientChannel.obj
         Debug\ClientConnectedEvent.obj
         Debug\NetworkMessageConverter.obj
         Debug\NetworkServer.obj
         Debug\ServerListener.obj
         Debug\ServerEngine.obj
         Debug\Actor.obj
         Debug\AnimalActor.obj
         Debug\BioActor.obj
         Debug\Host.obj
         Debug\PlayerActor.obj
         Debug\Process.obj
         Debug\ServerEngineWrapper.obj
            Creating library X:\Users\Documents\Visual Studio 2012\Projects\Dedicated Server\Code\Debug\Server.lib and object X:\Users\Documents\Visual Studio 2012\Projects\Dedicated Server\Code\Debug\Server.exp
         Server.vcxproj -> X:\Users\Documents\Visual Studio 2012\Projects\Dedicated Server\Code\Debug\Server.dll
     1>Done Building Project "X:\Users\Documents\Visual Studio 2012\Projects\Dedicated Server\Code\Server\Server.vcxproj" (Build target(s)).

Build succeeded.

Time Elapsed 00:00:01.77
