X:\Users\Documents\Visual Studio 2012\Projects\Dedicated Server\Code\Debug\C++CLI.lib
X:\Users\Documents\Visual Studio 2012\Projects\Dedicated Server\Code\Debug\C++CLI.exp
X:\USERS\DOCUMENTS\VISUAL STUDIO 2012\PROJECTS\DEDICATED SERVER\CODE\C++CLI\DEBUG\C++CLIWRAPPER.OBJ
X:\USERS\DOCUMENTS\VISUAL STUDIO 2012\PROJECTS\DEDICATED SERVER\CODE\C++CLI\DEBUG\ASSEMBLYINFO.OBJ
X:\USERS\DOCUMENTS\VISUAL STUDIO 2012\PROJECTS\DEDICATED SERVER\CODE\C++CLI\DEBUG\VC110.PDB
X:\USERS\DOCUMENTS\VISUAL STUDIO 2012\PROJECTS\DEDICATED SERVER\CODE\C++CLI\DEBUG\.NETFRAMEWORK,VERSION=V4.0.ASSEMBLYATTRIBUTES.OBJ
X:\USERS\DOCUMENTS\VISUAL STUDIO 2012\PROJECTS\DEDICATED SERVER\CODE\DEBUG\C++CLI.ILK
X:\USERS\DOCUMENTS\VISUAL STUDIO 2012\PROJECTS\DEDICATED SERVER\CODE\DEBUG\C++CLI.DLL
X:\USERS\DOCUMENTS\VISUAL STUDIO 2012\PROJECTS\DEDICATED SERVER\CODE\DEBUG\C++CLI.PDB
X:\Users\Documents\Visual Studio 2012\Projects\Dedicated Server\Code\C++CLI\Debug\C++CLI.vcxprojResolveAssemblyReference.cache
X:\Users\Documents\Visual Studio 2012\Projects\Dedicated Server\Code\C++CLI\Debug\.NETFramework,Version=v4.0.AssemblyAttributes.obj
X:\Users\Documents\Visual Studio 2012\Projects\Dedicated Server\Code\C++CLI\Debug\AssemblyInfo.obj
X:\Users\Documents\Visual Studio 2012\Projects\Dedicated Server\Code\C++CLI\Debug\C++CLIWrapper.obj
X:\Users\Documents\Visual Studio 2012\Projects\Dedicated Server\Code\C++CLI\Debug\C++CLI.write.1.tlog
X:\Users\Documents\Visual Studio 2012\Projects\Dedicated Server\Code\C++CLI\Debug\cl.command.1.tlog
X:\Users\Documents\Visual Studio 2012\Projects\Dedicated Server\Code\C++CLI\Debug\CL.read.1.tlog
X:\Users\Documents\Visual Studio 2012\Projects\Dedicated Server\Code\C++CLI\Debug\CL.write.1.tlog
X:\Users\Documents\Visual Studio 2012\Projects\Dedicated Server\Code\C++CLI\Debug\link.2696-cvtres.read.1.tlog
X:\Users\Documents\Visual Studio 2012\Projects\Dedicated Server\Code\C++CLI\Debug\link.2696-cvtres.write.1.tlog
X:\Users\Documents\Visual Studio 2012\Projects\Dedicated Server\Code\C++CLI\Debug\link.2696-rc.read.1.tlog
X:\Users\Documents\Visual Studio 2012\Projects\Dedicated Server\Code\C++CLI\Debug\link.2696-rc.write.1.tlog
X:\Users\Documents\Visual Studio 2012\Projects\Dedicated Server\Code\C++CLI\Debug\link.2696.read.1.tlog
X:\Users\Documents\Visual Studio 2012\Projects\Dedicated Server\Code\C++CLI\Debug\link.2696.write.1.tlog
X:\Users\Documents\Visual Studio 2012\Projects\Dedicated Server\Code\C++CLI\Debug\link.2820-cvtres.read.1.tlog
X:\Users\Documents\Visual Studio 2012\Projects\Dedicated Server\Code\C++CLI\Debug\link.2820-cvtres.write.1.tlog
X:\Users\Documents\Visual Studio 2012\Projects\Dedicated Server\Code\C++CLI\Debug\link.2820-rc.read.1.tlog
X:\Users\Documents\Visual Studio 2012\Projects\Dedicated Server\Code\C++CLI\Debug\link.2820-rc.write.1.tlog
X:\Users\Documents\Visual Studio 2012\Projects\Dedicated Server\Code\C++CLI\Debug\link.2820.read.1.tlog
X:\Users\Documents\Visual Studio 2012\Projects\Dedicated Server\Code\C++CLI\Debug\link.2820.write.1.tlog
X:\Users\Documents\Visual Studio 2012\Projects\Dedicated Server\Code\C++CLI\Debug\link.4676-cvtres.read.1.tlog
X:\Users\Documents\Visual Studio 2012\Projects\Dedicated Server\Code\C++CLI\Debug\link.4676-cvtres.write.1.tlog
X:\Users\Documents\Visual Studio 2012\Projects\Dedicated Server\Code\C++CLI\Debug\link.4676-rc.read.1.tlog
X:\Users\Documents\Visual Studio 2012\Projects\Dedicated Server\Code\C++CLI\Debug\link.4676-rc.write.1.tlog
X:\Users\Documents\Visual Studio 2012\Projects\Dedicated Server\Code\C++CLI\Debug\link.4676.read.1.tlog
X:\Users\Documents\Visual Studio 2012\Projects\Dedicated Server\Code\C++CLI\Debug\link.4676.write.1.tlog
X:\Users\Documents\Visual Studio 2012\Projects\Dedicated Server\Code\C++CLI\Debug\link.command.1.tlog
X:\Users\Documents\Visual Studio 2012\Projects\Dedicated Server\Code\C++CLI\Debug\link.read.1.tlog
X:\Users\Documents\Visual Studio 2012\Projects\Dedicated Server\Code\C++CLI\Debug\link.write.1.tlog
X:\Users\Documents\Visual Studio 2012\Projects\Dedicated Server\Code\C++CLI\Debug\metagen.read.1.tlog
X:\Users\Documents\Visual Studio 2012\Projects\Dedicated Server\Code\C++CLI\Debug\metagen.write.1.tlog
X:\Users\Documents\Visual Studio 2012\Projects\Dedicated Server\Code\C++CLI\Debug\vc110.pdb
X:\Users\Documents\Visual Studio 2012\Projects\Dedicated Server\Code\C++CLI\Debug\TZRES.DLL.bi
X:\Users\Documents\Visual Studio 2012\Projects\Dedicated Server\Code\Debug\C++CLI.pdb
X:\Users\Documents\Visual Studio 2012\Projects\Dedicated Server\Code\Debug\C++CLI.dll
X:\Users\Documents\Visual Studio 2012\Projects\Dedicated Server\Code\Debug\C++CLI.ilk
