C:\USERS\ADMINISTRATOR\DESKTOP\NOTDEADYET\NOTDEADYET\NOTDEADYET\RELEASE\RTSCAMERA.OBJ
C:\USERS\ADMINISTRATOR\DESKTOP\NOTDEADYET\NOTDEADYET\NOTDEADYET\RELEASE\OBJLOADER.OBJ
C:\USERS\ADMINISTRATOR\DESKTOP\NOTDEADYET\NOTDEADYET\NOTDEADYET\RELEASE\OBJECT3D.OBJ
C:\USERS\ADMINISTRATOR\DESKTOP\NOTDEADYET\NOTDEADYET\NOTDEADYET\RELEASE\MESHSTRIP.OBJ
C:\USERS\ADMINISTRATOR\DESKTOP\NOTDEADYET\NOTDEADYET\NOTDEADYET\RELEASE\MESH.OBJ
C:\USERS\ADMINISTRATOR\DESKTOP\NOTDEADYET\NOTDEADYET\NOTDEADYET\RELEASE\LIGHT.OBJ
C:\USERS\ADMINISTRATOR\DESKTOP\NOTDEADYET\NOTDEADYET\NOTDEADYET\RELEASE\FPSCAMERA.OBJ
C:\USERS\ADMINISTRATOR\DESKTOP\NOTDEADYET\NOTDEADYET\NOTDEADYET\RELEASE\DXMANAGERRENDER.OBJ
C:\USERS\ADMINISTRATOR\DESKTOP\NOTDEADYET\NOTDEADYET\NOTDEADYET\RELEASE\DXMANAGERPOSTPROCESS.OBJ
C:\USERS\ADMINISTRATOR\DESKTOP\NOTDEADYET\NOTDEADYET\NOTDEADYET\RELEASE\DXMANAGERINIT.OBJ
C:\USERS\ADMINISTRATOR\DESKTOP\NOTDEADYET\NOTDEADYET\NOTDEADYET\RELEASE\DXMANAGERFORWARDRENDERING.OBJ
C:\USERS\ADMINISTRATOR\DESKTOP\NOTDEADYET\NOTDEADYET\NOTDEADYET\RELEASE\DXMANAGERDEFERRED.OBJ
C:\USERS\ADMINISTRATOR\DESKTOP\NOTDEADYET\NOTDEADYET\NOTDEADYET\RELEASE\DXMANAGER.OBJ
C:\USERS\ADMINISTRATOR\DESKTOP\NOTDEADYET\NOTDEADYET\NOTDEADYET\RELEASE\CAMRECORDING.OBJ
C:\USERS\ADMINISTRATOR\DESKTOP\NOTDEADYET\NOTDEADYET\NOTDEADYET\RELEASE\CAMERA.OBJ
C:\USERS\ADMINISTRATOR\DESKTOP\NOTDEADYET\NOTDEADYET\NOTDEADYET\RELEASE\BUFFER.OBJ
C:\USERS\ADMINISTRATOR\DESKTOP\NOTDEADYET\NOTDEADYET\NOTDEADYET\RELEASE\IMAGE.OBJ
C:\USERS\ADMINISTRATOR\DESKTOP\NOTDEADYET\NOTDEADYET\NOTDEADYET\RELEASE\GRAPHICSENGINE.OBJ
C:\USERS\ADMINISTRATOR\DESKTOP\NOTDEADYET\NOTDEADYET\NOTDEADYET\RELEASE\FXAA.OBJ
C:\USERS\ADMINISTRATOR\DESKTOP\NOTDEADYET\NOTDEADYET\NOTDEADYET\RELEASE\ANIMATEDMESH.OBJ
C:\USERS\ADMINISTRATOR\DESKTOP\NOTDEADYET\NOTDEADYET\NOTDEADYET\RELEASE\SOUNDSONG.OBJ
C:\USERS\ADMINISTRATOR\DESKTOP\NOTDEADYET\NOTDEADYET\NOTDEADYET\RELEASE\SOUNDENGINE.OBJ
C:\USERS\ADMINISTRATOR\DESKTOP\NOTDEADYET\NOTDEADYET\NOTDEADYET\RELEASE\SOUNDEFFECT.OBJ
C:\USERS\ADMINISTRATOR\DESKTOP\NOTDEADYET\NOTDEADYET\NOTDEADYET\RELEASE\TCBSPLINE.OBJ
C:\USERS\ADMINISTRATOR\DESKTOP\NOTDEADYET\NOTDEADYET\NOTDEADYET\RELEASE\PROCESS.OBJ
C:\USERS\ADMINISTRATOR\DESKTOP\NOTDEADYET\NOTDEADYET\NOTDEADYET\RELEASE\KEYLISTENER.OBJ
C:\USERS\ADMINISTRATOR\DESKTOP\NOTDEADYET\NOTDEADYET\NOTDEADYET\RELEASE\MAIN.OBJ
C:\USERS\ADMINISTRATOR\DESKTOP\NOTDEADYET\NOTDEADYET\NOTDEADYET\RELEASE\TEXTUREMANAGER.OBJ
C:\USERS\ADMINISTRATOR\DESKTOP\NOTDEADYET\NOTDEADYET\NOTDEADYET\RELEASE\TEXT.OBJ
C:\USERS\ADMINISTRATOR\DESKTOP\NOTDEADYET\NOTDEADYET\NOTDEADYET\RELEASE\STATICMESH.OBJ
C:\USERS\ADMINISTRATOR\DESKTOP\NOTDEADYET\NOTDEADYET\NOTDEADYET\RELEASE\SSAO.OBJ
C:\USERS\ADMINISTRATOR\DESKTOP\NOTDEADYET\NOTDEADYET\NOTDEADYET\RELEASE\SKYBOX.OBJ
C:\USERS\ADMINISTRATOR\DESKTOP\NOTDEADYET\NOTDEADYET\NOTDEADYET\RELEASE\PARTICLESYSTEMSHANDLER.OBJ
C:\USERS\ADMINISTRATOR\DESKTOP\NOTDEADYET\NOTDEADYET\NOTDEADYET\RELEASE\PARTICLESYSTEM.OBJ
C:\USERS\ADMINISTRATOR\DESKTOP\NOTDEADYET\NOTDEADYET\NOTDEADYET\RELEASE\PARTICLESHADER.OBJ
C:\USERS\ADMINISTRATOR\DESKTOP\NOTDEADYET\NOTDEADYET\NOTDEADYET\RELEASE\TRDCAMERA.OBJ
C:\USERS\ADMINISTRATOR\DESKTOP\NOTDEADYET\NOTDEADYET\NOTDEADYET\RELEASE\TERRAIN.OBJ
C:\USERS\ADMINISTRATOR\DESKTOP\NOTDEADYET\NOTDEADYET\NOTDEADYET\RELEASE\SHADER.OBJ
C:\USERS\ADMINISTRATOR\DESKTOP\NOTDEADYET\NOTDEADYET\NOTDEADYET\RELEASE\VC110.PDB
C:\USERS\ADMINISTRATOR\DESKTOP\NOTDEADYET\NOTDEADYET\WORKINGDIR\NOTDEADYETR32.EXE
C:\USERS\ADMINISTRATOR\DESKTOP\NOTDEADYET\NOTDEADYET\WORKINGDIR\NOTDEADYETR32.PDB
C:\USERS\ADMINISTRATOR\DESKTOP\NOTDEADYET\NOTDEADYET\NOTDEADYET\RELEASE\NOTDEADYET.RES
C:\Users\Administrator\Desktop\NotDeadYet\NotDeadYet\NotDeadYet\Release\AnimatedMesh.obj
C:\Users\Administrator\Desktop\NotDeadYet\NotDeadYet\NotDeadYet\Release\Buffer.obj
C:\Users\Administrator\Desktop\NotDeadYet\NotDeadYet\NotDeadYet\Release\Camera.obj
C:\Users\Administrator\Desktop\NotDeadYet\NotDeadYet\NotDeadYet\Release\CamRecording.obj
C:\Users\Administrator\Desktop\NotDeadYet\NotDeadYet\NotDeadYet\Release\DxManager.obj
C:\Users\Administrator\Desktop\NotDeadYet\NotDeadYet\NotDeadYet\Release\DxManagerDeferred.obj
C:\Users\Administrator\Desktop\NotDeadYet\NotDeadYet\NotDeadYet\Release\DxManagerForwardRendering.obj
C:\Users\Administrator\Desktop\NotDeadYet\NotDeadYet\NotDeadYet\Release\DxManagerInit.obj
C:\Users\Administrator\Desktop\NotDeadYet\NotDeadYet\NotDeadYet\Release\DxManagerPostProcess.obj
C:\Users\Administrator\Desktop\NotDeadYet\NotDeadYet\NotDeadYet\Release\DxManagerRender.obj
C:\Users\Administrator\Desktop\NotDeadYet\NotDeadYet\NotDeadYet\Release\FPSCamera.obj
C:\Users\Administrator\Desktop\NotDeadYet\NotDeadYet\NotDeadYet\Release\FXAA.obj
C:\Users\Administrator\Desktop\NotDeadYet\NotDeadYet\NotDeadYet\Release\GraphicsEngine.obj
C:\Users\Administrator\Desktop\NotDeadYet\NotDeadYet\NotDeadYet\Release\Image.obj
C:\Users\Administrator\Desktop\NotDeadYet\NotDeadYet\NotDeadYet\Release\KeyListener.obj
C:\Users\Administrator\Desktop\NotDeadYet\NotDeadYet\NotDeadYet\Release\Light.obj
C:\Users\Administrator\Desktop\NotDeadYet\NotDeadYet\NotDeadYet\Release\main.obj
C:\Users\Administrator\Desktop\NotDeadYet\NotDeadYet\NotDeadYet\Release\Mesh.obj
C:\Users\Administrator\Desktop\NotDeadYet\NotDeadYet\NotDeadYet\Release\MeshStrip.obj
C:\Users\Administrator\Desktop\NotDeadYet\NotDeadYet\NotDeadYet\Release\Object3D.obj
C:\Users\Administrator\Desktop\NotDeadYet\NotDeadYet\NotDeadYet\Release\ObjLoader.obj
C:\Users\Administrator\Desktop\NotDeadYet\NotDeadYet\NotDeadYet\Release\ParticleShader.obj
C:\Users\Administrator\Desktop\NotDeadYet\NotDeadYet\NotDeadYet\Release\ParticleSystem.obj
C:\Users\Administrator\Desktop\NotDeadYet\NotDeadYet\NotDeadYet\Release\ParticleSystemsHandler.obj
C:\Users\Administrator\Desktop\NotDeadYet\NotDeadYet\NotDeadYet\Release\Process.obj
C:\Users\Administrator\Desktop\NotDeadYet\NotDeadYet\NotDeadYet\Release\RTSCamera.obj
C:\Users\Administrator\Desktop\NotDeadYet\NotDeadYet\NotDeadYet\Release\Shader.obj
C:\Users\Administrator\Desktop\NotDeadYet\NotDeadYet\NotDeadYet\Release\SkyBox.obj
C:\Users\Administrator\Desktop\NotDeadYet\NotDeadYet\NotDeadYet\Release\SoundEffect.obj
C:\Users\Administrator\Desktop\NotDeadYet\NotDeadYet\NotDeadYet\Release\SoundEngine.obj
C:\Users\Administrator\Desktop\NotDeadYet\NotDeadYet\NotDeadYet\Release\SoundSong.obj
C:\Users\Administrator\Desktop\NotDeadYet\NotDeadYet\NotDeadYet\Release\SSAO.obj
C:\Users\Administrator\Desktop\NotDeadYet\NotDeadYet\NotDeadYet\Release\StaticMesh.obj
C:\Users\Administrator\Desktop\NotDeadYet\NotDeadYet\NotDeadYet\Release\TCBSpline.obj
C:\Users\Administrator\Desktop\NotDeadYet\NotDeadYet\NotDeadYet\Release\Terrain.obj
C:\Users\Administrator\Desktop\NotDeadYet\NotDeadYet\NotDeadYet\Release\Text.obj
C:\Users\Administrator\Desktop\NotDeadYet\NotDeadYet\NotDeadYet\Release\TextureManager.obj
C:\Users\Administrator\Desktop\NotDeadYet\NotDeadYet\NotDeadYet\Release\TRDCamera.obj
C:\Users\Administrator\Desktop\NotDeadYet\NotDeadYet\NotDeadYet\Release\cl.command.1.tlog
C:\Users\Administrator\Desktop\NotDeadYet\NotDeadYet\NotDeadYet\Release\CL.read.1.tlog
C:\Users\Administrator\Desktop\NotDeadYet\NotDeadYet\NotDeadYet\Release\CL.write.1.tlog
C:\Users\Administrator\Desktop\NotDeadYet\NotDeadYet\NotDeadYet\Release\link-cvtres.read.1.tlog
C:\Users\Administrator\Desktop\NotDeadYet\NotDeadYet\NotDeadYet\Release\link-cvtres.write.1.tlog
C:\Users\Administrator\Desktop\NotDeadYet\NotDeadYet\NotDeadYet\Release\link-rc.read.1.tlog
C:\Users\Administrator\Desktop\NotDeadYet\NotDeadYet\NotDeadYet\Release\link-rc.write.1.tlog
C:\Users\Administrator\Desktop\NotDeadYet\NotDeadYet\NotDeadYet\Release\link.command.1.tlog
C:\Users\Administrator\Desktop\NotDeadYet\NotDeadYet\NotDeadYet\Release\link.read.1.tlog
C:\Users\Administrator\Desktop\NotDeadYet\NotDeadYet\NotDeadYet\Release\link.read.5.tlog
C:\Users\Administrator\Desktop\NotDeadYet\NotDeadYet\NotDeadYet\Release\link.write.1.tlog
C:\Users\Administrator\Desktop\NotDeadYet\NotDeadYet\NotDeadYet\Release\rc.command.1.tlog
C:\Users\Administrator\Desktop\NotDeadYet\NotDeadYet\NotDeadYet\Release\rc.read.1.tlog
C:\Users\Administrator\Desktop\NotDeadYet\NotDeadYet\NotDeadYet\Release\rc.write.1.tlog
C:\Users\Administrator\Desktop\NotDeadYet\NotDeadYet\NotDeadYet\Release\NotDeadYet.res
C:\Users\Administrator\Desktop\NotDeadYet\NotDeadYet\NotDeadYet\Release\vc110.pdb
C:\Users\Administrator\Desktop\NotDeadYet\NotDeadYet\\WorkingDir\NotDeadYetR32.pdb
C:\Users\Administrator\Desktop\NotDeadYet\NotDeadYet\\WorkingDir\NotDeadYetR32.exe
