C:\USERS\ADMINISTRATOR\DESKTOP\NOTDEADYET\NOTDEADYET\NOTDEADYET\DEBUG\OBJLOADER.OBJ
C:\USERS\ADMINISTRATOR\DESKTOP\NOTDEADYET\NOTDEADYET\NOTDEADYET\DEBUG\RTSCAMERA.OBJ
C:\USERS\ADMINISTRATOR\DESKTOP\NOTDEADYET\NOTDEADYET\NOTDEADYET\DEBUG\SHADER.OBJ
C:\USERS\ADMINISTRATOR\DESKTOP\NOTDEADYET\NOTDEADYET\NOTDEADYET\DEBUG\TERRAIN.OBJ
C:\USERS\ADMINISTRATOR\DESKTOP\NOTDEADYET\NOTDEADYET\NOTDEADYET\DEBUG\TRDCAMERA.OBJ
C:\USERS\ADMINISTRATOR\DESKTOP\NOTDEADYET\NOTDEADYET\NOTDEADYET\DEBUG\PARTICLESHADER.OBJ
C:\USERS\ADMINISTRATOR\DESKTOP\NOTDEADYET\NOTDEADYET\NOTDEADYET\DEBUG\PARTICLESYSTEM.OBJ
C:\USERS\ADMINISTRATOR\DESKTOP\NOTDEADYET\NOTDEADYET\NOTDEADYET\DEBUG\PARTICLESYSTEMSHANDLER.OBJ
C:\USERS\ADMINISTRATOR\DESKTOP\NOTDEADYET\NOTDEADYET\NOTDEADYET\DEBUG\SKYBOX.OBJ
C:\USERS\ADMINISTRATOR\DESKTOP\NOTDEADYET\NOTDEADYET\NOTDEADYET\DEBUG\SSAO.OBJ
C:\USERS\ADMINISTRATOR\DESKTOP\NOTDEADYET\NOTDEADYET\NOTDEADYET\DEBUG\STATICMESH.OBJ
C:\USERS\ADMINISTRATOR\DESKTOP\NOTDEADYET\NOTDEADYET\NOTDEADYET\DEBUG\TEXT.OBJ
C:\USERS\ADMINISTRATOR\DESKTOP\NOTDEADYET\NOTDEADYET\NOTDEADYET\DEBUG\TEXTUREMANAGER.OBJ
C:\USERS\ADMINISTRATOR\DESKTOP\NOTDEADYET\NOTDEADYET\NOTDEADYET\DEBUG\MAIN.OBJ
C:\USERS\ADMINISTRATOR\DESKTOP\NOTDEADYET\NOTDEADYET\NOTDEADYET\DEBUG\KEYLISTENER.OBJ
C:\USERS\ADMINISTRATOR\DESKTOP\NOTDEADYET\NOTDEADYET\NOTDEADYET\DEBUG\PROCESS.OBJ
C:\USERS\ADMINISTRATOR\DESKTOP\NOTDEADYET\NOTDEADYET\NOTDEADYET\DEBUG\TCBSPLINE.OBJ
C:\USERS\ADMINISTRATOR\DESKTOP\NOTDEADYET\NOTDEADYET\NOTDEADYET\DEBUG\SOUNDEFFECT.OBJ
C:\USERS\ADMINISTRATOR\DESKTOP\NOTDEADYET\NOTDEADYET\NOTDEADYET\DEBUG\SOUNDENGINE.OBJ
C:\USERS\ADMINISTRATOR\DESKTOP\NOTDEADYET\NOTDEADYET\NOTDEADYET\DEBUG\SOUNDSONG.OBJ
C:\USERS\ADMINISTRATOR\DESKTOP\NOTDEADYET\NOTDEADYET\NOTDEADYET\DEBUG\ANIMATEDMESH.OBJ
C:\USERS\ADMINISTRATOR\DESKTOP\NOTDEADYET\NOTDEADYET\NOTDEADYET\DEBUG\FXAA.OBJ
C:\USERS\ADMINISTRATOR\DESKTOP\NOTDEADYET\NOTDEADYET\NOTDEADYET\DEBUG\GRAPHICSENGINE.OBJ
C:\USERS\ADMINISTRATOR\DESKTOP\NOTDEADYET\NOTDEADYET\NOTDEADYET\DEBUG\IMAGE.OBJ
C:\USERS\ADMINISTRATOR\DESKTOP\NOTDEADYET\NOTDEADYET\NOTDEADYET\DEBUG\BUFFER.OBJ
C:\USERS\ADMINISTRATOR\DESKTOP\NOTDEADYET\NOTDEADYET\NOTDEADYET\DEBUG\CAMERA.OBJ
C:\USERS\ADMINISTRATOR\DESKTOP\NOTDEADYET\NOTDEADYET\NOTDEADYET\DEBUG\CAMRECORDING.OBJ
C:\USERS\ADMINISTRATOR\DESKTOP\NOTDEADYET\NOTDEADYET\NOTDEADYET\DEBUG\DXMANAGER.OBJ
C:\USERS\ADMINISTRATOR\DESKTOP\NOTDEADYET\NOTDEADYET\NOTDEADYET\DEBUG\DXMANAGERDEFERRED.OBJ
C:\USERS\ADMINISTRATOR\DESKTOP\NOTDEADYET\NOTDEADYET\NOTDEADYET\DEBUG\DXMANAGERFORWARDRENDERING.OBJ
C:\USERS\ADMINISTRATOR\DESKTOP\NOTDEADYET\NOTDEADYET\NOTDEADYET\DEBUG\DXMANAGERINIT.OBJ
C:\USERS\ADMINISTRATOR\DESKTOP\NOTDEADYET\NOTDEADYET\NOTDEADYET\DEBUG\DXMANAGERPOSTPROCESS.OBJ
C:\USERS\ADMINISTRATOR\DESKTOP\NOTDEADYET\NOTDEADYET\NOTDEADYET\DEBUG\DXMANAGERRENDER.OBJ
C:\USERS\ADMINISTRATOR\DESKTOP\NOTDEADYET\NOTDEADYET\NOTDEADYET\DEBUG\FPSCAMERA.OBJ
C:\USERS\ADMINISTRATOR\DESKTOP\NOTDEADYET\NOTDEADYET\NOTDEADYET\DEBUG\LIGHT.OBJ
C:\USERS\ADMINISTRATOR\DESKTOP\NOTDEADYET\NOTDEADYET\NOTDEADYET\DEBUG\MESH.OBJ
C:\USERS\ADMINISTRATOR\DESKTOP\NOTDEADYET\NOTDEADYET\NOTDEADYET\DEBUG\MESHSTRIP.OBJ
C:\USERS\ADMINISTRATOR\DESKTOP\NOTDEADYET\NOTDEADYET\NOTDEADYET\DEBUG\OBJECT3D.OBJ
C:\USERS\ADMINISTRATOR\DESKTOP\NOTDEADYET\NOTDEADYET\NOTDEADYET\DEBUG\VC110.PDB
C:\USERS\ADMINISTRATOR\DESKTOP\NOTDEADYET\NOTDEADYET\WORKINGDIR\NOTDEADYETD32.ILK
C:\USERS\ADMINISTRATOR\DESKTOP\NOTDEADYET\NOTDEADYET\WORKINGDIR\NOTDEADYETD32.EXE
C:\USERS\ADMINISTRATOR\DESKTOP\NOTDEADYET\NOTDEADYET\WORKINGDIR\NOTDEADYETD32.PDB
C:\USERS\ADMINISTRATOR\DESKTOP\NOTDEADYET\NOTDEADYET\NOTDEADYET\DEBUG\NOTDEADYET.RES
C:\Users\Administrator\Desktop\NotDeadYet\NotDeadYet\NotDeadYet\Debug\AnimatedMesh.obj
C:\Users\Administrator\Desktop\NotDeadYet\NotDeadYet\NotDeadYet\Debug\Buffer.obj
C:\Users\Administrator\Desktop\NotDeadYet\NotDeadYet\NotDeadYet\Debug\Camera.obj
C:\Users\Administrator\Desktop\NotDeadYet\NotDeadYet\NotDeadYet\Debug\CamRecording.obj
C:\Users\Administrator\Desktop\NotDeadYet\NotDeadYet\NotDeadYet\Debug\DxManager.obj
C:\Users\Administrator\Desktop\NotDeadYet\NotDeadYet\NotDeadYet\Debug\DxManagerDeferred.obj
C:\Users\Administrator\Desktop\NotDeadYet\NotDeadYet\NotDeadYet\Debug\DxManagerForwardRendering.obj
C:\Users\Administrator\Desktop\NotDeadYet\NotDeadYet\NotDeadYet\Debug\DxManagerInit.obj
C:\Users\Administrator\Desktop\NotDeadYet\NotDeadYet\NotDeadYet\Debug\DxManagerPostProcess.obj
C:\Users\Administrator\Desktop\NotDeadYet\NotDeadYet\NotDeadYet\Debug\DxManagerRender.obj
C:\Users\Administrator\Desktop\NotDeadYet\NotDeadYet\NotDeadYet\Debug\FPSCamera.obj
C:\Users\Administrator\Desktop\NotDeadYet\NotDeadYet\NotDeadYet\Debug\FXAA.obj
C:\Users\Administrator\Desktop\NotDeadYet\NotDeadYet\NotDeadYet\Debug\GraphicsEngine.obj
C:\Users\Administrator\Desktop\NotDeadYet\NotDeadYet\NotDeadYet\Debug\Image.obj
C:\Users\Administrator\Desktop\NotDeadYet\NotDeadYet\NotDeadYet\Debug\KeyListener.obj
C:\Users\Administrator\Desktop\NotDeadYet\NotDeadYet\NotDeadYet\Debug\Light.obj
C:\Users\Administrator\Desktop\NotDeadYet\NotDeadYet\NotDeadYet\Debug\main.obj
C:\Users\Administrator\Desktop\NotDeadYet\NotDeadYet\NotDeadYet\Debug\Mesh.obj
C:\Users\Administrator\Desktop\NotDeadYet\NotDeadYet\NotDeadYet\Debug\MeshStrip.obj
C:\Users\Administrator\Desktop\NotDeadYet\NotDeadYet\NotDeadYet\Debug\Object3D.obj
C:\Users\Administrator\Desktop\NotDeadYet\NotDeadYet\NotDeadYet\Debug\ObjLoader.obj
C:\Users\Administrator\Desktop\NotDeadYet\NotDeadYet\NotDeadYet\Debug\ParticleShader.obj
C:\Users\Administrator\Desktop\NotDeadYet\NotDeadYet\NotDeadYet\Debug\ParticleSystem.obj
C:\Users\Administrator\Desktop\NotDeadYet\NotDeadYet\NotDeadYet\Debug\ParticleSystemsHandler.obj
C:\Users\Administrator\Desktop\NotDeadYet\NotDeadYet\NotDeadYet\Debug\Process.obj
C:\Users\Administrator\Desktop\NotDeadYet\NotDeadYet\NotDeadYet\Debug\RTSCamera.obj
C:\Users\Administrator\Desktop\NotDeadYet\NotDeadYet\NotDeadYet\Debug\Shader.obj
C:\Users\Administrator\Desktop\NotDeadYet\NotDeadYet\NotDeadYet\Debug\SkyBox.obj
C:\Users\Administrator\Desktop\NotDeadYet\NotDeadYet\NotDeadYet\Debug\SoundEffect.obj
C:\Users\Administrator\Desktop\NotDeadYet\NotDeadYet\NotDeadYet\Debug\SoundEngine.obj
C:\Users\Administrator\Desktop\NotDeadYet\NotDeadYet\NotDeadYet\Debug\SoundSong.obj
C:\Users\Administrator\Desktop\NotDeadYet\NotDeadYet\NotDeadYet\Debug\SSAO.obj
C:\Users\Administrator\Desktop\NotDeadYet\NotDeadYet\NotDeadYet\Debug\StaticMesh.obj
C:\Users\Administrator\Desktop\NotDeadYet\NotDeadYet\NotDeadYet\Debug\TCBSpline.obj
C:\Users\Administrator\Desktop\NotDeadYet\NotDeadYet\NotDeadYet\Debug\Terrain.obj
C:\Users\Administrator\Desktop\NotDeadYet\NotDeadYet\NotDeadYet\Debug\Text.obj
C:\Users\Administrator\Desktop\NotDeadYet\NotDeadYet\NotDeadYet\Debug\TextureManager.obj
C:\Users\Administrator\Desktop\NotDeadYet\NotDeadYet\NotDeadYet\Debug\TRDCamera.obj
C:\Users\Administrator\Desktop\NotDeadYet\NotDeadYet\NotDeadYet\Debug\cl.command.1.tlog
C:\Users\Administrator\Desktop\NotDeadYet\NotDeadYet\NotDeadYet\Debug\CL.read.1.tlog
C:\Users\Administrator\Desktop\NotDeadYet\NotDeadYet\NotDeadYet\Debug\CL.write.1.tlog
C:\Users\Administrator\Desktop\NotDeadYet\NotDeadYet\NotDeadYet\Debug\link-cvtres.read.1.tlog
C:\Users\Administrator\Desktop\NotDeadYet\NotDeadYet\NotDeadYet\Debug\link-cvtres.write.1.tlog
C:\Users\Administrator\Desktop\NotDeadYet\NotDeadYet\NotDeadYet\Debug\link-rc.read.1.tlog
C:\Users\Administrator\Desktop\NotDeadYet\NotDeadYet\NotDeadYet\Debug\link-rc.write.1.tlog
C:\Users\Administrator\Desktop\NotDeadYet\NotDeadYet\NotDeadYet\Debug\link.command.1.tlog
C:\Users\Administrator\Desktop\NotDeadYet\NotDeadYet\NotDeadYet\Debug\link.read.1.tlog
C:\Users\Administrator\Desktop\NotDeadYet\NotDeadYet\NotDeadYet\Debug\link.write.1.tlog
C:\Users\Administrator\Desktop\NotDeadYet\NotDeadYet\NotDeadYet\Debug\rc.command.1.tlog
C:\Users\Administrator\Desktop\NotDeadYet\NotDeadYet\NotDeadYet\Debug\rc.read.1.tlog
C:\Users\Administrator\Desktop\NotDeadYet\NotDeadYet\NotDeadYet\Debug\rc.write.1.tlog
C:\Users\Administrator\Desktop\NotDeadYet\NotDeadYet\NotDeadYet\Debug\NotDeadYet.res
C:\Users\Administrator\Desktop\NotDeadYet\NotDeadYet\NotDeadYet\Debug\vc110.idb
C:\Users\Administrator\Desktop\NotDeadYet\NotDeadYet\NotDeadYet\Debug\vc110.pdb
C:\Users\Administrator\Desktop\NotDeadYet\NotDeadYet\\WorkingDir\NotDeadYetD32.pdb
C:\Users\Administrator\Desktop\NotDeadYet\NotDeadYet\\WorkingDir\NotDeadYetD32.exe
C:\Users\Administrator\Desktop\NotDeadYet\NotDeadYet\\WorkingDir\NotDeadYetD32.ilk
